[2022-04-21 17:44:26.260] [exthost] [info] Extension host with pid 34861 started
[2022-04-21 17:44:26.260] [exthost] [info] Skipping acquiring lock for /home/deuce/.config/Code/User/workspaceStorage/2e772445a1e37e05fbaf0b4534b043c6.
[2022-04-21 17:44:26.345] [exthost] [info] ExtensionService#_doActivateExtension vscode.microsoft-authentication, startup: false, activationEvent: 'onAuthenticationRequest:microsoft'
[2022-04-21 17:44:26.361] [exthost] [info] ExtensionService#_doActivateExtension vscode.debug-auto-launch, startup: true, activationEvent: '*'
[2022-04-21 17:44:26.362] [exthost] [info] ExtensionService#_doActivateExtension vscode.git-base, startup: true, activationEvent: '*', root cause: vscode.git
[2022-04-21 17:44:26.364] [exthost] [info] ExtensionService#_doActivateExtension vscode.ipynb, startup: true, activationEvent: '*'
[2022-04-21 17:44:26.383] [exthost] [info] ExtensionService#_doActivateExtension vscode.git, startup: true, activationEvent: '*'
[2022-04-21 17:44:26.397] [exthost] [info] ExtensionService#_doActivateExtension vscode.github, startup: true, activationEvent: '*'
[2022-04-21 17:44:26.427] [exthost] [info] Eager extensions activated
[2022-04-21 17:44:26.447] [exthost] [info] ExtensionService#_doActivateExtension vscode.emmet, startup: false, activationEvent: 'onStartupFinished'
[2022-04-21 17:44:26.452] [exthost] [info] ExtensionService#_doActivateExtension vscode.merge-conflict, startup: false, activationEvent: 'onStartupFinished'
[2022-04-21 17:44:26.453] [exthost] [info] ExtensionService#_doActivateExtension vscode.github-authentication, startup: false, activationEvent: 'onAuthenticationRequest:github'
[2022-04-21 17:59:08.257] [exthost] [info] ExtensionService#_doActivateExtension vscode.configuration-editing, startup: false, activationEvent: 'onLanguage:json'
[2022-04-21 17:59:08.260] [exthost] [info] ExtensionService#_doActivateExtension vscode.extension-editing, startup: false, activationEvent: 'onLanguage:json'
[2022-04-21 17:59:08.264] [exthost] [info] ExtensionService#_doActivateExtension vscode.json-language-features, startup: false, activationEvent: 'onLanguage:json'
[2022-04-21 17:59:08.275] [exthost] [info] ExtensionService#_doActivateExtension vscode.npm, startup: false, activationEvent: 'onLanguage:json'
[2022-04-21 18:07:00.818] [exthost] [info] ExtensionService#_doActivateExtension vscode.grunt, startup: false, activationEvent: 'onTaskType:grunt'
[2022-04-21 18:07:00.825] [exthost] [info] ExtensionService#_doActivateExtension vscode.gulp, startup: false, activationEvent: 'onTaskType:gulp'
[2022-04-21 18:07:00.828] [exthost] [info] ExtensionService#_doActivateExtension vscode.jake, startup: false, activationEvent: 'onTaskType:jake'
[2022-04-21 18:07:00.830] [exthost] [info] ExtensionService#_doActivateExtension vscode.typescript-language-features, startup: false, activationEvent: 'onTaskType:typescript'
[2022-04-21 18:07:20.052] [exthost] [info] ExtensionService#_doActivateExtension naumovs.color-highlight, startup: false, activationEvent: '*'
[2022-04-21 19:36:38.510] [exthost] [info] extension host terminating: renderer closed the socket
[2022-04-21 19:36:38.517] [exthost] [info] Extension host with pid 34861 exiting with code 0
