[2022-04-21 17:11:03.956] [exthost] [info] Extension host with pid 21621 started
[2022-04-21 17:11:03.956] [exthost] [info] Skipping acquiring lock for /home/deuce/.config/Code/User/workspaceStorage/944ab97401ced7d47afc2bcd55660fe2.
[2022-04-21 17:11:04.030] [exthost] [info] ExtensionService#_doActivateExtension vscode.microsoft-authentication, startup: false, activationEvent: 'onAuthenticationRequest:microsoft'
[2022-04-21 17:11:04.043] [exthost] [info] ExtensionService#_doActivateExtension vscode.debug-auto-launch, startup: true, activationEvent: '*'
[2022-04-21 17:11:04.044] [exthost] [info] ExtensionService#_doActivateExtension vscode.git-base, startup: true, activationEvent: '*', root cause: vscode.git
[2022-04-21 17:11:04.045] [exthost] [info] ExtensionService#_doActivateExtension vscode.ipynb, startup: true, activationEvent: '*'
[2022-04-21 17:11:04.062] [exthost] [info] ExtensionService#_doActivateExtension vscode.git, startup: true, activationEvent: '*'
[2022-04-21 17:11:04.076] [exthost] [info] ExtensionService#_doActivateExtension vscode.github, startup: true, activationEvent: '*'
[2022-04-21 17:11:04.111] [exthost] [info] Eager extensions activated
[2022-04-21 17:11:04.129] [exthost] [info] ExtensionService#_doActivateExtension vscode.github-authentication, startup: false, activationEvent: 'onAuthenticationRequest:github'
[2022-04-21 17:11:04.139] [exthost] [info] ExtensionService#_doActivateExtension vscode.emmet, startup: false, activationEvent: 'onStartupFinished'
[2022-04-21 17:11:04.143] [exthost] [info] ExtensionService#_doActivateExtension vscode.merge-conflict, startup: false, activationEvent: 'onStartupFinished'
[2022-04-21 17:11:21.720] [exthost] [info] ExtensionService#_doActivateExtension vscode.configuration-editing, startup: false, activationEvent: 'onLanguage:json'
[2022-04-21 17:11:21.723] [exthost] [info] ExtensionService#_doActivateExtension vscode.extension-editing, startup: false, activationEvent: 'onLanguage:json'
[2022-04-21 17:11:21.727] [exthost] [info] ExtensionService#_doActivateExtension vscode.json-language-features, startup: false, activationEvent: 'onLanguage:json'
[2022-04-21 17:11:21.741] [exthost] [info] ExtensionService#_doActivateExtension vscode.npm, startup: false, activationEvent: 'onLanguage:json'
[2022-04-21 17:11:21.859] [exthost] [info] extension host terminating: renderer closed the socket
[2022-04-21 17:11:21.863] [exthost] [info] Extension host with pid 21621 exiting with code 0
[2022-04-21 17:11:22.059] [exthost] [info] Extension host with pid 21811 started
[2022-04-21 17:11:22.059] [exthost] [info] Skipping acquiring lock for /home/deuce/.config/Code/User/workspaceStorage/eb84fc58987efe4e6e096f4f6d55751e.
[2022-04-21 17:11:22.076] [exthost] [info] ExtensionService#_doActivateExtension vscode.microsoft-authentication, startup: false, activationEvent: 'onAuthenticationRequest:microsoft'
[2022-04-21 17:11:22.086] [exthost] [info] ExtensionService#_doActivateExtension vscode.github-authentication, startup: false, activationEvent: 'onAuthenticationRequest:github'
[2022-04-21 17:11:22.092] [exthost] [info] ExtensionService#_doActivateExtension vscode.configuration-editing, startup: false, activationEvent: 'onLanguage:json'
[2022-04-21 17:11:22.093] [exthost] [info] ExtensionService#_doActivateExtension vscode.extension-editing, startup: false, activationEvent: 'onLanguage:json'
[2022-04-21 17:11:22.095] [exthost] [info] ExtensionService#_doActivateExtension vscode.json-language-features, startup: false, activationEvent: 'onLanguage:json'
[2022-04-21 17:11:22.107] [exthost] [info] ExtensionService#_doActivateExtension vscode.npm, startup: false, activationEvent: 'onLanguage:json'
[2022-04-21 17:11:22.123] [exthost] [info] ExtensionService#_doActivateExtension vscode.debug-auto-launch, startup: true, activationEvent: '*'
[2022-04-21 17:11:22.124] [exthost] [info] ExtensionService#_doActivateExtension vscode.git-base, startup: true, activationEvent: '*', root cause: vscode.git
[2022-04-21 17:11:22.125] [exthost] [info] ExtensionService#_doActivateExtension vscode.ipynb, startup: true, activationEvent: '*'
[2022-04-21 17:11:22.142] [exthost] [info] ExtensionService#_doActivateExtension vscode.git, startup: true, activationEvent: '*'
[2022-04-21 17:11:22.151] [exthost] [info] ExtensionService#_doActivateExtension vscode.github, startup: true, activationEvent: '*'
[2022-04-21 17:11:22.210] [exthost] [info] Eager extensions activated
[2022-04-21 17:11:22.220] [exthost] [info] ExtensionService#_doActivateExtension vscode.emmet, startup: false, activationEvent: 'onStartupFinished'
[2022-04-21 17:11:22.223] [exthost] [info] ExtensionService#_doActivateExtension vscode.merge-conflict, startup: false, activationEvent: 'onStartupFinished'
[2022-04-21 17:20:27.938] [exthost] [info] extension host terminating: renderer closed the socket
[2022-04-21 17:20:27.942] [exthost] [info] Extension host with pid 21811 exiting with code 0
