server_socket: bind to '0.0.0.0:6600' failed (continuing anyway, because binding to '[::]:6600' succeeded): Failed to bind socket: Address already in use
exception: Failed to create pid file "/run/mpd/mpd.pid": Permission denied
Unknown keysym name: 'pause'.
polybar|notice:  Parsing config file: /home/deuce/.config/polybar/config
polybar|error: /home/deuce/.config/polybar/config:932: Value '(lsb_release -d | awk {'print $2'} ;echo " "; lsb_release -r | awk {'print $2'}) | tr -d '\n'' of key 'exec' contains one or more unescaped backslashes, please prepend them with the backslash escape character.
polybar|notice:  Parsing config file: /home/deuce/.config/polybar/config
polybar|notice:  Listening for IPC messages (PID: 1081)
polybar|error: /home/deuce/.config/polybar/config:932: Value '(lsb_release -d | awk {'print $2'} ;echo " "; lsb_release -r | awk {'print $2'}) | tr -d '\n'' of key 'exec' contains one or more unescaped backslashes, please prepend them with the backslash escape character.
polybar|notice:  Listening for IPC messages (PID: 1088)
polybar|notice:  Parsing config file: /home/deuce/.config/polybar/config
polybar|error: /home/deuce/.config/polybar/config:932: Value '(lsb_release -d | awk {'print $2'} ;echo " "; lsb_release -r | awk {'print $2'}) | tr -d '\n'' of key 'exec' contains one or more unescaped backslashes, please prepend them with the backslash escape character.
polybar|notice:  Listening for IPC messages (PID: 1082)
polybar|notice:  Parsing config file: /home/deuce/.config/polybar/config
polybar|error: /home/deuce/.config/polybar/config:932: Value '(lsb_release -d | awk {'print $2'} ;echo " "; lsb_release -r | awk {'print $2'}) | tr -d '\n'' of key 'exec' contains one or more unescaped backslashes, please prepend them with the backslash escape character.
polybar|notice:  Listening for IPC messages (PID: 1087)
File does not exist: /home/deuce/.config/autostart/arcolinux-welcome-app.desktop
polybar|warn:  The config parameter 'settings.throttle-output' is deprecated, it will be removed in the future. Please remove it from your config
polybar|warn:  The config parameter 'settings.throttle-output-for' is deprecated, it will be removed in the future. Please remove it from your config
polybar|notice:  Loading module 'ewmh' of type 'internal/xworkspaces'
polybar|warn:  The config parameter 'settings.throttle-output' is deprecated, it will be removed in the future. Please remove it from your config
polybar|warn:  The config parameter 'settings.throttle-output-for' is deprecated, it will be removed in the future. Please remove it from your config
polybar|notice:  Loading module 'bspwm' of type 'internal/bspwm'
polybar|error: Invalid value for "settings.format-spacing", using default value (reason: stof)
polybar|error: Invalid value for "settings.format-padding", using default value (reason: stof)
polybar|error: Invalid value for "settings.format-margin", using default value (reason: stof)
polybar|error: Invalid value for "settings.format-offset", using default value (reason: stof)
polybar|error: Invalid value for "settings.format-spacing", using default value (reason: stof)
polybar|error: Invalid value for "settings.format-padding", using default value (reason: stof)
polybar|error: Invalid value for "settings.format-margin", using default value (reason: stof)
polybar|error: Invalid value for "settings.format-offset", using default value (reason: stof)
polybar|notice:  Loading module 'spotify2' of type 'custom/script'
polybar|error: Invalid value for "settings.format-spacing", using default value (reason: stof)
polybar|error: Invalid value for "settings.format-padding", using default value (reason: stof)
polybar|error: Invalid value for "settings.format-margin", using default value (reason: stof)
polybar|error: Invalid value for "settings.format-offset", using default value (reason: stof)
polybar|warn:  The config parameter 'settings.throttle-output' is deprecated, it will be removed in the future. Please remove it from your config
polybar|warn:  The config parameter 'settings.throttle-output-for' is deprecated, it will be removed in the future. Please remove it from your config
polybar|notice:  Loading module 'ewmh' of type 'internal/xworkspaces'
polybar|notice:  Loading module 'spotify-play-pause' of type 'custom/ipc'
polybar|error: Invalid value for "settings.format-spacing", using default value (reason: stof)
polybar|error: Invalid value for "settings.format-padding", using default value (reason: stof)
polybar|error: Invalid value for "settings.format-margin", using default value (reason: stof)
polybar|error: Invalid value for "settings.format-offset", using default value (reason: stof)
polybar|notice:  Loading module 'pavolume' of type 'custom/script'
polybar|error: Invalid value for "settings.format-spacing", using default value (reason: stof)
polybar|error: Invalid value for "settings.format-padding", using default value (reason: stof)
polybar|error: Invalid value for "settings.format-margin", using default value (reason: stof)
polybar|error: Invalid value for "settings.format-offset", using default value (reason: stof)
polybar|notice:  Loading module 'memory2' of type 'internal/memory'
polybar|error: Invalid value for "settings.format-spacing", using default value (reason: stof)
polybar|error: Invalid value for "settings.format-padding", using default value (reason: stof)
polybar|error: Invalid value for "settings.format-margin", using default value (reason: stof)
polybar|error: Invalid value for "settings.format-offset", using default value (reason: stof)
polybar|notice:  Loading module 'cpu2' of type 'internal/cpu'
polybar|error: Invalid value for "settings.format-spacing", using default value (reason: stof)
polybar|error: Invalid value for "settings.format-padding", using default value (reason: stof)
polybar|error: Invalid value for "settings.format-margin", using default value (reason: stof)
polybar|error: Invalid value for "settings.format-offset", using default value (reason: stof)
polybar|error: Invalid value for "settings.format-spacing", using default value (reason: stof)
polybar|error: Invalid value for "settings.format-padding", using default value (reason: stof)
polybar|error: Invalid value for "settings.format-margin", using default value (reason: stof)
polybar|error: Invalid value for "settings.format-offset", using default value (reason: stof)
polybar|notice:  Loading module 'weather' of type 'custom/script'
polybar|notice:  Loading module 'xwindow' of type 'internal/xwindow'
polybar|error: Invalid value for "settings.format-spacing", using default value (reason: stof)
polybar|error: Invalid value for "settings.format-spacing", using default value (reason: stof)
polybar|error: Invalid value for "settings.format-padding", using default value (reason: stof)
polybar|error: Invalid value for "settings.format-padding", using default value (reason: stof)
polybar|error: Invalid value for "settings.format-margin", using default value (reason: stof)
polybar|error: Invalid value for "settings.format-margin", using default value (reason: stof)
polybar|error: Invalid value for "settings.format-offset", using default value (reason: stof)
polybar|error: Invalid value for "settings.format-offset", using default value (reason: stof)
polybar|warn:  The config parameter 'settings.throttle-output' is deprecated, it will be removed in the future. Please remove it from your config
polybar|warn:  The config parameter 'settings.throttle-output-for' is deprecated, it will be removed in the future. Please remove it from your config
polybar|notice:  Loading module 'bspwm' of type 'internal/bspwm'
polybar|notice:  Loading module 'discord' of type 'custom/script'
polybar|notice:  Loading module 'date' of type 'internal/date'
polybar|error: Invalid value for "settings.format-spacing", using default value (reason: stof)
polybar|error: Invalid value for "settings.format-padding", using default value (reason: stof)
polybar|notice:  Loading module 'xwindow' of type 'internal/xwindow'
polybar|error: Invalid value for "settings.format-margin", using default value (reason: stof)
polybar|error: Invalid value for "settings.format-spacing", using default value (reason: stof)
polybar|error: Invalid value for "settings.format-spacing", using default value (reason: stof)
polybar|error: Invalid value for "settings.format-offset", using default value (reason: stof)
polybar|error: Invalid value for "settings.format-padding", using default value (reason: stof)
polybar|error: Invalid value for "settings.format-padding", using default value (reason: stof)
polybar|error: Invalid value for "settings.format-margin", using default value (reason: stof)
polybar|error: Invalid value for "settings.format-margin", using default value (reason: stof)
polybar|error: Invalid value for "settings.format-offset", using default value (reason: stof)
polybar|error: Invalid value for "settings.format-offset", using default value (reason: stof)
polybar|error: Invalid value for "settings.format-spacing", using default value (reason: stof)
polybar|error: Invalid value for "settings.format-padding", using default value (reason: stof)
polybar|error: Invalid value for "settings.format-margin", using default value (reason: stof)
polybar|error: Invalid value for "settings.format-offset", using default value (reason: stof)
polybar|notice:  Loaded 3 modules
polybar|notice:  Loaded 8 modules
polybar|notice:  Loading module 'discord' of type 'custom/script'
polybar|error: Invalid value for "settings.format-spacing", using default value (reason: stof)
polybar|error: Invalid value for "settings.format-padding", using default value (reason: stof)
polybar|error: Invalid value for "settings.format-margin", using default value (reason: stof)
polybar|error: Invalid value for "settings.format-offset", using default value (reason: stof)
polybar|notice:  Loaded 3 modules
polybar|notice:  Loading module 'spotify2' of type 'custom/script'
polybar|error: Invalid value for "settings.format-spacing", using default value (reason: stof)
polybar|error: Invalid value for "settings.format-padding", using default value (reason: stof)
polybar|error: Invalid value for "settings.format-margin", using default value (reason: stof)
polybar|error: Invalid value for "settings.format-offset", using default value (reason: stof)
polybar|notice:  Loading module 'spotify-play-pause' of type 'custom/ipc'
polybar|error: Invalid value for "settings.format-spacing", using default value (reason: stof)
polybar|error: Invalid value for "settings.format-padding", using default value (reason: stof)
polybar|error: Invalid value for "settings.format-margin", using default value (reason: stof)
polybar|error: Invalid value for "settings.format-offset", using default value (reason: stof)
polybar|notice:  Loading module 'pavolume' of type 'custom/script'
polybar|error: Invalid value for "settings.format-spacing", using default value (reason: stof)
polybar|error: Invalid value for "settings.format-padding", using default value (reason: stof)
polybar|error: Invalid value for "settings.format-margin", using default value (reason: stof)
polybar|error: Invalid value for "settings.format-offset", using default value (reason: stof)
polybar|notice:  Loading module 'memory2' of type 'internal/memory'
polybar|error: Invalid value for "settings.format-spacing", using default value (reason: stof)
polybar|error: Invalid value for "settings.format-padding", using default value (reason: stof)
polybar|error: Invalid value for "settings.format-margin", using default value (reason: stof)
polybar|error: Invalid value for "settings.format-offset", using default value (reason: stof)
polybar|notice:  Loading module 'cpu2' of type 'internal/cpu'
polybar|error: Invalid value for "settings.format-spacing", using default value (reason: stof)
polybar|error: Invalid value for "settings.format-padding", using default value (reason: stof)
polybar|error: Invalid value for "settings.format-margin", using default value (reason: stof)
polybar|error: Invalid value for "settings.format-offset", using default value (reason: stof)
polybar|notice:  Loading module 'weather' of type 'custom/script'
polybar|error: Invalid value for "settings.format-spacing", using default value (reason: stof)
polybar|error: Invalid value for "settings.format-padding", using default value (reason: stof)
polybar|error: Invalid value for "settings.format-margin", using default value (reason: stof)
polybar|error: Invalid value for "settings.format-offset", using default value (reason: stof)
polybar|notice:  Loading module 'date' of type 'internal/date'
polybar|error: Invalid value for "settings.format-spacing", using default value (reason: stof)
polybar|error: Invalid value for "settings.format-padding", using default value (reason: stof)
polybar|error: Invalid value for "settings.format-margin", using default value (reason: stof)
polybar|error: Invalid value for "settings.format-offset", using default value (reason: stof)
polybar|notice:  Loaded 8 modules
/home/deuce/.config/bspwm/autostart.sh: line 56: /usr/lib/xfce4/notifyd/xfce4-notifyd: No such file or directory
polybar|notice:  Loaded font "Noto Sans:size=11" (name=Noto Sans, offset=0, file=/usr/share/fonts/noto/NotoSans-Regular.ttf)
polybar|notice:  Loaded font "Noto Sans:size=11" (name=Noto Sans, offset=0, file=/usr/share/fonts/noto/NotoSans-Regular.ttf)
polybar|notice:  Loaded font "FontAwesome:size=13" (name=FontAwesome, offset=0, file=/usr/share/fonts/awesome-terminal-fonts/fontawesome-regular.ttf)
polybar|notice:  Loaded font "FontAwesome:size=13" (name=FontAwesome, offset=0, file=/usr/share/fonts/awesome-terminal-fonts/fontawesome-regular.ttf)
polybar|notice:  Loaded font "Noto Sans:size=10" (name=Noto Sans, offset=0, file=/usr/share/fonts/noto/NotoSans-Regular.ttf)
polybar|notice:  Loaded font "Noto Sans:size=10" (name=Noto Sans, offset=0, file=/usr/share/fonts/noto/NotoSans-Regular.ttf)
polybar|notice:  Loaded font "Noto Sans:size=11" (name=Noto Sans, offset=0, file=/usr/share/fonts/noto/NotoSans-Regular.ttf)
polybar|notice:  Loaded font "FontAwesome:size=13" (name=FontAwesome, offset=0, file=/usr/share/fonts/awesome-terminal-fonts/fontawesome-regular.ttf)
polybar|notice:  Loaded font "Noto Sans:size=11" (name=Noto Sans, offset=0, file=/usr/share/fonts/noto/NotoSans-Regular.ttf)
polybar|notice:  Loaded font "Noto Sans:size=10" (name=Noto Sans, offset=0, file=/usr/share/fonts/noto/NotoSans-Regular.ttf)
polybar|notice:  Loaded font "Noto Sans Mono:size=10" (name=Noto Sans Mono, offset=0, file=/usr/share/fonts/noto/NotoSansMono-Regular.ttf)
polybar|notice:  Loaded font "Noto Sans Mono:size=10" (name=Noto Sans Mono, offset=0, file=/usr/share/fonts/noto/NotoSansMono-Regular.ttf)
polybar|notice:  Loaded font "Noto Sans Mono:size=10" (name=Noto Sans Mono, offset=0, file=/usr/share/fonts/noto/NotoSansMono-Regular.ttf)
polybar|notice:  Loaded font "FontAwesome:size=13" (name=FontAwesome, offset=0, file=/usr/share/fonts/awesome-terminal-fonts/fontawesome-regular.ttf)
polybar|notice:  Loaded font "Noto Sans:size=10" (name=Noto Sans, offset=0, file=/usr/share/fonts/noto/NotoSans-Regular.ttf)
polybar|notice:  Loaded font "Noto Sans Mono:size=10" (name=Noto Sans Mono, offset=0, file=/usr/share/fonts/noto/NotoSansMono-Regular.ttf)
polybar|warn:  Dropping unmatched character  (U+f392) in ''
polybar|warn:  Systray selection already managed (window=0x0600007)
[ 04/24/2022 10:34:51.769 parse_config_libconfig WARN ] The refresh-rate option has been deprecated. Please remove it from your configuration file. If you encounter any problems without this feature, please feel free to open a bug report
polybar|warn:  Dropping unmatched character  (U+f392) in ''
polybar|warn:  Dropping unmatched character  (U+f392) in ''
polybar|warn:  Dropping unmatched character  (U+f392) in ''

(nitrogen:1114): Gtk-WARNING **: 10:34:51.812: Unable to locate theme engine in module_path: "adwaita",

(nitrogen:1114): Gtk-WARNING **: 10:34:51.814: Unable to locate theme engine in module_path: "adwaita",

(nitrogen:1114): Gtk-WARNING **: 10:34:51.815: Unable to locate theme engine in module_path: "murrine",

(nitrogen:1114): Gtk-WARNING **: 10:34:51.815: Unable to locate theme engine in module_path: "murrine",

(nitrogen:1114): Gtk-WARNING **: 10:34:51.820: Unable to locate theme engine in module_path: "murrine",

(nitrogen:1114): Gtk-WARNING **: 10:34:51.820: Unable to locate theme engine in module_path: "murrine",

(nitrogen:1114): Gtk-WARNING **: 10:34:51.820: Unable to locate theme engine in module_path: "murrine",

(nitrogen:1114): Gtk-WARNING **: 10:34:51.925: Unable to locate theme engine in module_path: "adwaita",

(nitrogen:1114): Gtk-WARNING **: 10:34:51.926: Unable to locate theme engine in module_path: "adwaita",

(nitrogen:1114): Gtk-WARNING **: 10:34:51.926: Unable to locate theme engine in module_path: "murrine",

(nitrogen:1114): Gtk-WARNING **: 10:34:51.926: Unable to locate theme engine in module_path: "murrine",

(nitrogen:1114): Gtk-WARNING **: 10:34:51.927: Unable to locate theme engine in module_path: "murrine",

(nitrogen:1114): Gtk-WARNING **: 10:34:51.927: Unable to locate theme engine in module_path: "murrine",

(nitrogen:1114): Gtk-WARNING **: 10:34:51.927: Unable to locate theme engine in module_path: "murrine",
polybar|warn:  Dropping unmatched character  (U+f392) in ''

** (volumeicon:1159): WARNING **: 10:34:51.955: Binding 'AudioRaiseVolume' failed!
Failed to bind AudioRaiseVolume

** (volumeicon:1159): WARNING **: 10:34:51.955: Binding 'AudioLowerVolume' failed!
Failed to bind AudioLowerVolume

** (volumeicon:1159): WARNING **: 10:34:51.955: Binding 'AudioMute' failed!
Failed to bind AudioMute
polybar|warn:  Dropping unmatched character  (U+f392) in ''
polybar|warn:  Dropping unmatched character  (U+f392) in ''
/home/deuce/.config/bspwm/scripts/external_rules_command: line 43: syntax error near unexpected token `newline'
/home/deuce/.config/bspwm/scripts/external_rules_command: line 43: `            (corectrl '
polybar|warn:  Dropping unmatched character  (U+f392) in ''
polybar|warn:  Dropping unmatched character  (U+f392) in ''
ThunarThumbnailer: Failed to retrieve supported types: GDBus.Error:org.freedesktop.DBus.Error.ServiceUnknown: The name org.freedesktop.thumbnails.Thumbnailer1 was not provided by any .service files
polybar|warn:  Dropping unmatched character  (U+f392) in ''
/home/deuce/.config/bspwm/scripts/external_rules_command: line 43: syntax error near unexpected token `newline'
/home/deuce/.config/bspwm/scripts/external_rules_command: line 43: `            (corectrl '
polybar|warn:  Dropping unmatched character  (U+f392) in ''
polybar|warn:  Dropping unmatched character  (U+f392) in ''
/home/deuce/.config/bspwm/scripts/external_rules_command: line 43: syntax error near unexpected token `newline'
/home/deuce/.config/bspwm/scripts/external_rules_command: line 43: `            (corectrl '
polybar|warn:  Dropping unmatched character  (U+f392) in ''
polybar|warn:  Dropping unmatched character  (U+f392) in ''
polybar|warn:  Dropping unmatched character  (U+f392) in ''
polybar|warn:  Dropping unmatched character  (U+f392) in ''
polybar|warn:  Dropping unmatched character  (U+f392) in ''
polybar|warn:  Dropping unmatched character  (U+f392) in ''
polybar|warn:  Dropping unmatched character  (U+f392) in ''
polybar|warn:  Dropping unmatched character  (U+f392) in ''
polybar|warn:  Dropping unmatched character  (U+f392) in ''
polybar|warn:  Dropping unmatched character  (U+f392) in ''

(snappergui:6235): Gtk-WARNING **: 10:35:16.158: Error loading theme icon 'list-add' for stock: Icon 'list-add' not present in theme Adwaita

(snappergui:6235): Gtk-WARNING **: 10:35:16.159: Error loading theme icon 'document-open' for stock: Icon 'document-open' not present in theme Adwaita

(snappergui:6235): Gtk-WARNING **: 10:35:16.159: Error loading theme icon 'list-remove' for stock: Icon 'list-remove' not present in theme Adwaita
/home/deuce/.config/bspwm/scripts/external_rules_command: line 43: syntax error near unexpected token `newline'
/home/deuce/.config/bspwm/scripts/external_rules_command: line 43: `            (corectrl '
polybar|warn:  Dropping unmatched character  (U+f392) in ''
polybar|warn:  Dropping unmatched character  (U+f392) in ''

(snappergui:6235): Gtk-WARNING **: 10:35:16.202: Error loading theme icon 'document-open' for stock: Icon 'document-open' not present in theme Adwaita

(snappergui:6235): Gtk-WARNING **: 10:35:16.202: Error loading theme icon 'list-remove' for stock: Icon 'list-remove' not present in theme Adwaita

(snappergui:6235): Gtk-WARNING **: 10:35:20.339: Error loading theme icon 'document-open' for stock: Icon 'document-open' not present in theme Adwaita

(snappergui:6235): Gtk-WARNING **: 10:35:20.340: Error loading theme icon 'list-remove' for stock: Icon 'list-remove' not present in theme Adwaita

(snappergui:6235): Gtk-WARNING **: 10:35:22.678: Error loading theme icon 'document-open' for stock: Icon 'document-open' not present in theme Adwaita

(snappergui:6235): Gtk-WARNING **: 10:35:22.695: Error loading theme icon 'document-open' for stock: Icon 'document-open' not present in theme Adwaita

(snappergui:6235): Gtk-WARNING **: 10:35:22.712: Error loading theme icon 'document-open' for stock: Icon 'document-open' not present in theme Adwaita

(snappergui:6235): Gtk-WARNING **: 10:35:22.729: Error loading theme icon 'document-open' for stock: Icon 'document-open' not present in theme Adwaita

(snappergui:6235): Gtk-WARNING **: 10:35:22.746: Error loading theme icon 'document-open' for stock: Icon 'document-open' not present in theme Adwaita

(snappergui:6235): Gtk-WARNING **: 10:35:22.763: Error loading theme icon 'document-open' for stock: Icon 'document-open' not present in theme Adwaita

(snappergui:6235): Gtk-WARNING **: 10:35:22.780: Error loading theme icon 'document-open' for stock: Icon 'document-open' not present in theme Adwaita

(snappergui:6235): Gtk-WARNING **: 10:35:22.797: Error loading theme icon 'document-open' for stock: Icon 'document-open' not present in theme Adwaita

(snappergui:6235): Gtk-WARNING **: 10:35:22.814: Error loading theme icon 'document-open' for stock: Icon 'document-open' not present in theme Adwaita

(snappergui:6235): Gtk-WARNING **: 10:35:22.831: Error loading theme icon 'document-open' for stock: Icon 'document-open' not present in theme Adwaita

(snappergui:6235): Gtk-WARNING **: 10:35:22.848: Error loading theme icon 'document-open' for stock: Icon 'document-open' not present in theme Adwaita

(snappergui:6235): Gtk-WARNING **: 10:35:22.865: Error loading theme icon 'document-open' for stock: Icon 'document-open' not present in theme Adwaita

(snappergui:6235): Gtk-WARNING **: 10:35:22.882: Error loading theme icon 'document-open' for stock: Icon 'document-open' not present in theme Adwaita

(snappergui:6235): Gtk-WARNING **: 10:35:22.898: Error loading theme icon 'document-open' for stock: Icon 'document-open' not present in theme Adwaita

(snappergui:6235): Gtk-WARNING **: 10:35:22.915: Error loading theme icon 'document-open' for stock: Icon 'document-open' not present in theme Adwaita

(snappergui:6235): Gtk-WARNING **: 10:35:22.931: Error loading theme icon 'document-open' for stock: Icon 'document-open' not present in theme Adwaita

(snappergui:6235): Gtk-WARNING **: 10:35:22.948: Error loading theme icon 'document-open' for stock: Icon 'document-open' not present in theme Adwaita

(snappergui:6235): Gtk-WARNING **: 10:35:22.964: Error loading theme icon 'document-open' for stock: Icon 'document-open' not present in theme Adwaita

(snappergui:6235): Gtk-WARNING **: 10:35:22.982: Error loading theme icon 'document-open' for stock: Icon 'document-open' not present in theme Adwaita

(snappergui:6235): Gtk-WARNING **: 10:35:22.998: Error loading theme icon 'document-open' for stock: Icon 'document-open' not present in theme Adwaita

(snappergui:6235): Gtk-WARNING **: 10:35:23.015: Error loading theme icon 'document-open' for stock: Icon 'document-open' not present in theme Adwaita

(snappergui:6235): Gtk-WARNING **: 10:35:23.031: Error loading theme icon 'document-open' for stock: Icon 'document-open' not present in theme Adwaita

(snappergui:6235): Gtk-WARNING **: 10:35:23.546: Error loading theme icon 'document-open' for stock: Icon 'document-open' not present in theme Adwaita

(snappergui:6235): Gtk-WARNING **: 10:35:24.326: Error loading theme icon 'document-open' for stock: Icon 'document-open' not present in theme Adwaita

(snappergui:6235): Gtk-WARNING **: 10:35:24.343: Error loading theme icon 'document-open' for stock: Icon 'document-open' not present in theme Adwaita

(snappergui:6235): Gtk-WARNING **: 10:35:24.360: Error loading theme icon 'document-open' for stock: Icon 'document-open' not present in theme Adwaita

(snappergui:6235): Gtk-WARNING **: 10:35:24.377: Error loading theme icon 'document-open' for stock: Icon 'document-open' not present in theme Adwaita

(snappergui:6235): Gtk-WARNING **: 10:35:24.394: Error loading theme icon 'document-open' for stock: Icon 'document-open' not present in theme Adwaita

(snappergui:6235): Gtk-WARNING **: 10:35:24.411: Error loading theme icon 'document-open' for stock: Icon 'document-open' not present in theme Adwaita

(snappergui:6235): Gtk-WARNING **: 10:35:24.428: Error loading theme icon 'document-open' for stock: Icon 'document-open' not present in theme Adwaita

(snappergui:6235): Gtk-WARNING **: 10:35:24.445: Error loading theme icon 'document-open' for stock: Icon 'document-open' not present in theme Adwaita

(snappergui:6235): Gtk-WARNING **: 10:35:24.461: Error loading theme icon 'document-open' for stock: Icon 'document-open' not present in theme Adwaita

(snappergui:6235): Gtk-WARNING **: 10:35:24.478: Error loading theme icon 'document-open' for stock: Icon 'document-open' not present in theme Adwaita

(snappergui:6235): Gtk-WARNING **: 10:35:24.494: Error loading theme icon 'document-open' for stock: Icon 'document-open' not present in theme Adwaita

(snappergui:6235): Gtk-WARNING **: 10:35:24.511: Error loading theme icon 'document-open' for stock: Icon 'document-open' not present in theme Adwaita

(snappergui:6235): Gtk-WARNING **: 10:35:24.527: Error loading theme icon 'document-open' for stock: Icon 'document-open' not present in theme Adwaita

(snappergui:6235): Gtk-WARNING **: 10:35:24.544: Error loading theme icon 'document-open' for stock: Icon 'document-open' not present in theme Adwaita

(snappergui:6235): Gtk-WARNING **: 10:35:24.560: Error loading theme icon 'document-open' for stock: Icon 'document-open' not present in theme Adwaita

(snappergui:6235): Gtk-WARNING **: 10:35:24.577: Error loading theme icon 'document-open' for stock: Icon 'document-open' not present in theme Adwaita

(snappergui:6235): Gtk-WARNING **: 10:35:24.594: Error loading theme icon 'document-open' for stock: Icon 'document-open' not present in theme Adwaita

(snappergui:6235): Gtk-WARNING **: 10:35:24.611: Error loading theme icon 'document-open' for stock: Icon 'document-open' not present in theme Adwaita

(snappergui:6235): Gtk-WARNING **: 10:35:24.627: Error loading theme icon 'document-open' for stock: Icon 'document-open' not present in theme Adwaita

(snappergui:6235): Gtk-WARNING **: 10:35:24.644: Error loading theme icon 'document-open' for stock: Icon 'document-open' not present in theme Adwaita

(snappergui:6235): Gtk-WARNING **: 10:35:24.661: Error loading theme icon 'document-open' for stock: Icon 'document-open' not present in theme Adwaita

(snappergui:6235): Gtk-WARNING **: 10:35:24.677: Error loading theme icon 'document-open' for stock: Icon 'document-open' not present in theme Adwaita

(snappergui:6235): Gtk-WARNING **: 10:35:24.994: Error loading theme icon 'document-open' for stock: Icon 'document-open' not present in theme Adwaita

(snappergui:6235): Gtk-WARNING **: 10:35:25.011: Error loading theme icon 'document-open' for stock: Icon 'document-open' not present in theme Adwaita

(snappergui:6235): Gtk-WARNING **: 10:35:25.028: Error loading theme icon 'document-open' for stock: Icon 'document-open' not present in theme Adwaita

(snappergui:6235): Gtk-WARNING **: 10:35:25.045: Error loading theme icon 'document-open' for stock: Icon 'document-open' not present in theme Adwaita

(snappergui:6235): Gtk-WARNING **: 10:35:25.061: Error loading theme icon 'document-open' for stock: Icon 'document-open' not present in theme Adwaita

(snappergui:6235): Gtk-WARNING **: 10:35:25.095: Error loading theme icon 'document-open' for stock: Icon 'document-open' not present in theme Adwaita

(snappergui:6235): Gtk-WARNING **: 10:35:25.111: Error loading theme icon 'document-open' for stock: Icon 'document-open' not present in theme Adwaita

(snappergui:6235): Gtk-WARNING **: 10:35:25.128: Error loading theme icon 'document-open' for stock: Icon 'document-open' not present in theme Adwaita

(snappergui:6235): Gtk-WARNING **: 10:35:25.145: Error loading theme icon 'document-open' for stock: Icon 'document-open' not present in theme Adwaita

(snappergui:6235): Gtk-WARNING **: 10:35:25.161: Error loading theme icon 'document-open' for stock: Icon 'document-open' not present in theme Adwaita

(snappergui:6235): Gtk-WARNING **: 10:35:25.178: Error loading theme icon 'document-open' for stock: Icon 'document-open' not present in theme Adwaita

(snappergui:6235): Gtk-WARNING **: 10:35:25.194: Error loading theme icon 'document-open' for stock: Icon 'document-open' not present in theme Adwaita
[114 10:35:25.204317] Ignoring unknown config key: open_url_modifiers
[114 10:35:25.204848] Ignoring invalid config line: }}}
[114 10:35:25.205280] Could not find included config file: /home/deuce/.config/kitty/current-theme.conf, ignoring

(snappergui:6235): Gtk-WARNING **: 10:35:25.211: Error loading theme icon 'document-open' for stock: Icon 'document-open' not present in theme Adwaita

(snappergui:6235): Gtk-WARNING **: 10:35:25.227: Error loading theme icon 'document-open' for stock: Icon 'document-open' not present in theme Adwaita

(snappergui:6235): Gtk-WARNING **: 10:35:25.244: Error loading theme icon 'document-open' for stock: Icon 'document-open' not present in theme Adwaita

(snappergui:6235): Gtk-WARNING **: 10:35:25.260: Error loading theme icon 'document-open' for stock: Icon 'document-open' not present in theme Adwaita

(snappergui:6235): Gtk-WARNING **: 10:35:25.277: Error loading theme icon 'document-open' for stock: Icon 'document-open' not present in theme Adwaita
/home/deuce/.config/bspwm/scripts/external_rules_command: line 43: syntax error near unexpected token `newline'
/home/deuce/.config/bspwm/scripts/external_rules_command: line 43: `            (corectrl '
polybar|warn:  Dropping unmatched character  (U+f392) in ''
polybar|warn:  Dropping unmatched character  (U+f392) in ''

(snappergui:6235): Gtk-WARNING **: 10:35:25.294: Error loading theme icon 'document-open' for stock: Icon 'document-open' not present in theme Adwaita
polybar|warn:  Dropping unmatched character  (U+f392) in ''
polybar|warn:  Dropping unmatched character  (U+f392) in ''
polybar|warn:  Dropping unmatched character  (U+f392) in ''
polybar|warn:  Dropping unmatched character  (U+f392) in ''

(snappergui:6235): Gtk-WARNING **: 10:35:25.699: Error loading theme icon 'document-open' for stock: Icon 'document-open' not present in theme Adwaita

(snappergui:6235): Gtk-WARNING **: 10:35:25.716: Error loading theme icon 'document-open' for stock: Icon 'document-open' not present in theme Adwaita

(snappergui:6235): Gtk-WARNING **: 10:35:25.733: Error loading theme icon 'document-open' for stock: Icon 'document-open' not present in theme Adwaita

(snappergui:6235): Gtk-WARNING **: 10:35:25.750: Error loading theme icon 'document-open' for stock: Icon 'document-open' not present in theme Adwaita

(snappergui:6235): Gtk-WARNING **: 10:35:25.750: Error loading theme icon 'list-remove' for stock: Icon 'list-remove' not present in theme Adwaita

(snappergui:6235): Gtk-WARNING **: 10:35:25.766: Error loading theme icon 'list-remove' for stock: Icon 'list-remove' not present in theme Adwaita

(snappergui:6235): Gtk-WARNING **: 10:35:25.783: Error loading theme icon 'list-remove' for stock: Icon 'list-remove' not present in theme Adwaita
polybar|warn:  Dropping unmatched character  (U+f392) in ''
polybar|warn:  Dropping unmatched character  (U+f392) in ''
polybar|warn:  Dropping unmatched character  (U+f392) in ''
polybar|warn:  Dropping unmatched character  (U+f392) in ''

(snappergui:6235): Gtk-WARNING **: 10:35:29.194: Error loading theme icon 'list-remove' for stock: Icon 'list-remove' not present in theme Adwaita

(snappergui:6235): Gtk-WARNING **: 10:35:29.211: Error loading theme icon 'list-remove' for stock: Icon 'list-remove' not present in theme Adwaita

(snappergui:6235): Gtk-WARNING **: 10:35:29.228: Error loading theme icon 'list-remove' for stock: Icon 'list-remove' not present in theme Adwaita

(snappergui:6235): Gtk-WARNING **: 10:35:29.245: Error loading theme icon 'list-remove' for stock: Icon 'list-remove' not present in theme Adwaita

(snappergui:6235): Gtk-WARNING **: 10:35:29.262: Error loading theme icon 'list-remove' for stock: Icon 'list-remove' not present in theme Adwaita

(snappergui:6235): Gtk-WARNING **: 10:35:29.279: Error loading theme icon 'document-open' for stock: Icon 'document-open' not present in theme Adwaita

(snappergui:6235): Gtk-WARNING **: 10:35:29.279: Error loading theme icon 'list-remove' for stock: Icon 'list-remove' not present in theme Adwaita

(snappergui:6235): Gtk-WARNING **: 10:35:29.296: Error loading theme icon 'document-open' for stock: Icon 'document-open' not present in theme Adwaita

(snappergui:6235): Gtk-WARNING **: 10:35:29.313: Error loading theme icon 'document-open' for stock: Icon 'document-open' not present in theme Adwaita

(snappergui:6235): Gtk-WARNING **: 10:35:29.330: Error loading theme icon 'list-add' for stock: Icon 'list-add' not present in theme Adwaita

(snappergui:6235): Gtk-WARNING **: 10:35:29.347: Error loading theme icon 'list-add' for stock: Icon 'list-add' not present in theme Adwaita

(snappergui:6235): Gtk-WARNING **: 10:35:29.364: Error loading theme icon 'list-add' for stock: Icon 'list-add' not present in theme Adwaita

(snappergui:6235): Gtk-WARNING **: 10:35:29.634: Error loading theme icon 'list-add' for stock: Icon 'list-add' not present in theme Adwaita

(snappergui:6235): Gtk-WARNING **: 10:35:29.651: Error loading theme icon 'list-add' for stock: Icon 'list-add' not present in theme Adwaita

(snappergui:6235): Gtk-WARNING **: 10:35:29.668: Error loading theme icon 'list-add' for stock: Icon 'list-add' not present in theme Adwaita

(snappergui:6235): Gtk-WARNING **: 10:35:29.685: Error loading theme icon 'list-add' for stock: Icon 'list-add' not present in theme Adwaita

(snappergui:6235): Gtk-WARNING **: 10:35:29.702: Error loading theme icon 'list-add' for stock: Icon 'list-add' not present in theme Adwaita

(snappergui:6235): Gtk-WARNING **: 10:35:29.719: Error loading theme icon 'list-add' for stock: Icon 'list-add' not present in theme Adwaita

(snappergui:6235): Gtk-WARNING **: 10:35:29.736: Error loading theme icon 'list-add' for stock: Icon 'list-add' not present in theme Adwaita

(snappergui:6235): Gtk-WARNING **: 10:35:29.753: Error loading theme icon 'list-add' for stock: Icon 'list-add' not present in theme Adwaita

(snappergui:6235): Gtk-WARNING **: 10:35:29.770: Error loading theme icon 'list-add' for stock: Icon 'list-add' not present in theme Adwaita

(snappergui:6235): Gtk-WARNING **: 10:35:32.350: Error loading theme icon 'list-remove' for stock: Icon 'list-remove' not present in theme Adwaita

(snappergui:6235): Gtk-WARNING **: 10:35:32.367: Error loading theme icon 'list-remove' for stock: Icon 'list-remove' not present in theme Adwaita

(snappergui:6235): Gtk-WARNING **: 10:35:32.384: Error loading theme icon 'list-remove' for stock: Icon 'list-remove' not present in theme Adwaita

(snappergui:6235): Gtk-WARNING **: 10:35:32.401: Error loading theme icon 'list-remove' for stock: Icon 'list-remove' not present in theme Adwaita

(snappergui:6235): Gtk-WARNING **: 10:35:32.418: Error loading theme icon 'list-remove' for stock: Icon 'list-remove' not present in theme Adwaita

(snappergui:6235): Gtk-WARNING **: 10:35:32.435: Error loading theme icon 'list-remove' for stock: Icon 'list-remove' not present in theme Adwaita

(snappergui:6235): Gtk-WARNING **: 10:35:32.452: Error loading theme icon 'list-remove' for stock: Icon 'list-remove' not present in theme Adwaita

(snappergui:6235): Gtk-WARNING **: 10:35:32.469: Error loading theme icon 'document-open' for stock: Icon 'document-open' not present in theme Adwaita

(snappergui:6235): Gtk-WARNING **: 10:35:32.469: Error loading theme icon 'list-remove' for stock: Icon 'list-remove' not present in theme Adwaita

(snappergui:6235): Gtk-WARNING **: 10:35:32.486: Error loading theme icon 'document-open' for stock: Icon 'document-open' not present in theme Adwaita

(snappergui:6235): Gtk-WARNING **: 10:35:32.502: Error loading theme icon 'document-open' for stock: Icon 'document-open' not present in theme Adwaita

(snappergui:6235): Gtk-WARNING **: 10:35:32.519: Error loading theme icon 'document-open' for stock: Icon 'document-open' not present in theme Adwaita
/home/deuce/.config/bspwm/scripts/external_rules_command: line 43: syntax error near unexpected token `newline'
/home/deuce/.config/bspwm/scripts/external_rules_command: line 43: `            (corectrl '
polybar|warn:  Dropping unmatched character  (U+f392) in ''
polybar|warn:  Dropping unmatched character  (U+f392) in ''
polybar|warn:  Dropping unmatched character  (U+f392) in ''
polybar|warn:  Dropping unmatched character  (U+f392) in ''
thunar-volman: Unsupported USB device type "usb".
thunar-volman: Unsupported USB device type "usbhid".
thunar-volman: Unsupported USB device type "usbhid".
thunar-volman: Unsupported input device type "(null)".
thunar-volman: Unsupported input device type "(null)".
thunar-volman: Unsupported input device type "/dev/input/event17".
thunar-volman: Unsupported input device type "/dev/input/event18".
/home/deuce/.config/bspwm/scripts/external_rules_command: line 43: syntax error near unexpected token `newline'
/home/deuce/.config/bspwm/scripts/external_rules_command: line 43: `            (corectrl '
polybar|warn:  Dropping unmatched character  (U+f392) in ''
polybar|warn:  Dropping unmatched character  (U+f392) in ''
polybar|warn:  Dropping unmatched character  (U+f392) in ''
polybar|warn:  Dropping unmatched character  (U+f392) in ''
polybar|warn:  Dropping unmatched character  (U+f392) in ''
polybar|warn:  Dropping unmatched character  (U+f392) in ''
polybar|warn:  Dropping unmatched character  (U+f392) in ''
polybar|warn:  Dropping unmatched character  (U+f392) in ''
polybar|warn:  Dropping unmatched character  (U+f392) in ''
polybar|warn:  Dropping unmatched character  (U+f392) in ''
polybar|warn:  Dropping unmatched character  (U+f392) in ''
polybar|warn:  Dropping unmatched character  (U+f392) in ''
/home/deuce/.config/bspwm/scripts/external_rules_command: line 43: syntax error near unexpected token `newline'
/home/deuce/.config/bspwm/scripts/external_rules_command: line 43: `            (corectrl '
polybar|warn:  Dropping unmatched character  (U+f392) in ''
polybar|warn:  Dropping unmatched character  (U+f392) in ''
polybar|warn:  Dropping unmatched character  (U+f392) in ''
polybar|warn:  Dropping unmatched character  (U+f392) in ''
/home/deuce/.config/bspwm/scripts/external_rules_command: line 43: syntax error near unexpected token `newline'
/home/deuce/.config/bspwm/scripts/external_rules_command: line 43: `            (corectrl '
polybar|warn:  Dropping unmatched character  (U+f392) in ''
polybar|warn:  Dropping unmatched character  (U+f392) in ''
polybar|warn:  Dropping unmatched character  (U+f392) in ''
polybar|warn:  Dropping unmatched character  (U+f392) in ''
polybar|warn:  Dropping unmatched character  (U+f392) in ''
polybar|warn:  Dropping unmatched character  (U+f392) in ''
/home/deuce/.config/bspwm/scripts/external_rules_command: line 43: syntax error near unexpected token `newline'
/home/deuce/.config/bspwm/scripts/external_rules_command: line 43: `            (corectrl '
polybar|warn:  Dropping unmatched character  (U+f392) in ''
polybar|warn:  Dropping unmatched character  (U+f392) in ''
polybar|warn:  Dropping unmatched character  (U+f392) in ''
polybar|warn:  Dropping unmatched character  (U+f392) in ''
polybar|warn:  Dropping unmatched character  (U+f392) in ''
polybar|warn:  Dropping unmatched character  (U+f392) in ''
/home/deuce/.config/bspwm/scripts/external_rules_command: line 43: syntax error near unexpected token `newline'
/home/deuce/.config/bspwm/scripts/external_rules_command: line 43: `            (corectrl '
polybar|warn:  Dropping unmatched character  (U+f392) in ''
polybar|warn:  Dropping unmatched character  (U+f392) in ''
polybar|warn:  Dropping unmatched character  (U+f392) in ''
polybar|warn:  Dropping unmatched character  (U+f392) in ''

(process:43509): GLib-CRITICAL **: 11:27:40.070: g_string_insert_len: assertion 'len == 0 || val != NULL' failed
[43867:0424/112740.418696:ERROR:sandbox_linux.cc(377)] InitializeSandbox() called with multiple threads in process gpu-process.
/home/deuce/.config/bspwm/scripts/external_rules_command: line 43: syntax error near unexpected token `newline'
/home/deuce/.config/bspwm/scripts/external_rules_command: line 43: `            (corectrl '
polybar|warn:  Dropping unmatched character  (U+f392) in ''
polybar|warn:  Dropping unmatched character  (U+f392) in ''
polybar|warn:  Dropping unmatched character  (U+f392) in ''
polybar|warn:  Dropping unmatched character  (U+f392) in ''
/home/deuce/.config/bspwm/scripts/external_rules_command: line 43: syntax error near unexpected token `newline'
/home/deuce/.config/bspwm/scripts/external_rules_command: line 43: `            (corectrl '
polybar|warn:  Dropping unmatched character  (U+f392) in ''
polybar|warn:  Dropping unmatched character  (U+f392) in ''
error: [ui] Could not load new contents for syntax highlighting
Error: EISDIR: illegal operation on a directory, read
error: [ui] `git commit -F -` exited with an unexpected code: 1.
stdout:
On branch main
Your branch is ahead of 'origin/main' by 1 commit.
  (use "git push" to publish your local commits)

Untracked files:
  (use "git add <file>..." to include in what will be committed)
	_setups/virtman_files/

nothing added to commit but untracked files present (use "git add" to track)

error: [ui] `git commit -F -` exited with an unexpected code: 1.
stdout:
On branch main
Your branch is up to date with 'origin/main'.

Untracked files:
  (use "git add <file>..." to include in what will be committed)
	_setups/virtman_files/

nothing added to commit but untracked files present (use "git add" to track)

polybar|warn:  Dropping unmatched character  (U+f392) in ''
polybar|warn:  Dropping unmatched character  (U+f392) in ''
polybar|warn:  Dropping unmatched character  (U+f392) in ''
polybar|warn:  Dropping unmatched character  (U+f392) in ''
polybar|warn:  Dropping unmatched character  (U+f392) in ''
polybar|warn:  Dropping unmatched character  (U+f392) in ''
polybar|warn:  Dropping unmatched character  (U+f392) in ''
polybar|warn:  Dropping unmatched character  (U+f392) in ''
polybar|warn:  Dropping unmatched character  (U+f392) in ''
polybar|warn:  Dropping unmatched character  (U+f392) in ''
polybar|warn:  Dropping unmatched character  (U+f392) in ''
polybar|warn:  Dropping unmatched character  (U+f392) in ''
polybar|warn:  Dropping unmatched character  (U+f392) in ''
polybar|warn:  Dropping unmatched character  (U+f392) in ''
polybar|warn:  Dropping unmatched character  (U+f392) in ''
polybar|warn:  Dropping unmatched character  (U+f392) in ''
polybar|warn:  Dropping unmatched character  (U+f392) in ''
polybar|warn:  Dropping unmatched character  (U+f392) in ''
polybar|warn:  Dropping unmatched character  (U+f392) in ''
polybar|warn:  Dropping unmatched character  (U+f392) in ''
polybar|warn:  Dropping unmatched character  (U+f392) in ''
polybar|warn:  Dropping unmatched character  (U+f392) in ''
polybar|warn:  Dropping unmatched character  (U+f392) in ''
polybar|warn:  Dropping unmatched character  (U+f392) in ''
polybar|warn:  Dropping unmatched character  (U+f392) in ''
polybar|warn:  Dropping unmatched character  (U+f392) in ''
polybar|warn:  Dropping unmatched character  (U+f392) in ''
polybar|warn:  Dropping unmatched character  (U+f392) in ''
polybar|warn:  Dropping unmatched character  (U+f392) in ''
polybar|warn:  Dropping unmatched character  (U+f392) in ''
polybar|warn:  Dropping unmatched character  (U+f392) in ''
polybar|warn:  Dropping unmatched character  (U+f392) in ''
polybar|warn:  Dropping unmatched character  (U+f392) in ''
polybar|warn:  Dropping unmatched character  (U+f392) in ''
polybar|warn:  Dropping unmatched character  (U+f392) in ''
polybar|warn:  Dropping unmatched character  (U+f392) in ''
polybar|warn:  Dropping unmatched character  (U+f392) in ''
polybar|warn:  Dropping unmatched character  (U+f392) in ''
polybar|warn:  Dropping unmatched character  (U+f392) in ''
polybar|warn:  Dropping unmatched character  (U+f392) in ''
polybar|warn:  Dropping unmatched character  (U+f392) in ''
polybar|warn:  Dropping unmatched character  (U+f392) in ''
polybar|warn:  Dropping unmatched character  (U+f392) in ''
polybar|warn:  Dropping unmatched character  (U+f392) in ''
/home/deuce/.config/bspwm/scripts/external_rules_command: line 43: syntax error near unexpected token `newline'
/home/deuce/.config/bspwm/scripts/external_rules_command: line 43: `            (corectrl '
polybar|warn:  Dropping unmatched character  (U+f392) in ''
polybar|warn:  Dropping unmatched character  (U+f392) in ''
polybar|warn:  Dropping unmatched character  (U+f392) in ''
polybar|warn:  Dropping unmatched character  (U+f392) in ''
ThunarThumbnailCache: failed to call Move(): GDBus.Error:org.freedesktop.DBus.Error.ServiceUnknown: The name org.freedesktop.thumbnails.Cache1 was not provided by any .service files
polybar|warn:  Dropping unmatched character  (U+f392) in ''
polybar|warn:  Dropping unmatched character  (U+f392) in ''
polybar|warn:  Dropping unmatched character  (U+f392) in ''
polybar|warn:  Dropping unmatched character  (U+f392) in ''
polybar|warn:  Dropping unmatched character  (U+f392) in ''
polybar|warn:  Dropping unmatched character  (U+f392) in ''
