[2022-04-23 20:20:36.012] [main] [info] window#load: attempt to load window (id: 1)
[2022-04-23 20:20:36.018] [main] [info] update#setState idle
[2022-04-23 20:20:36.037] [main] [info] ExtensionHostStarterWorker created
[2022-04-23 20:20:36.580] [main] [info] window#load: window reported ready (id: 1)
[2022-04-23 20:20:36.685] [main] [info] Starting extension host with pid 17235 (fork() took 6 ms).
[2022-04-23 20:20:36.685] [main] [info] ExtensionHostStarterWorker.start() took 6 ms.
[2022-04-23 20:21:06.019] [main] [info] update#setState checking for updates
[2022-04-23 20:21:06.099] [main] [info] update#setState idle
[2022-04-23 20:22:16.830] [main] [info] window#load: attempt to load window (id: 1)
[2022-04-23 20:22:16.834] [main] [info] Extension host with pid 17235 exited with code: 0, signal: null.
[2022-04-23 20:22:17.302] [main] [info] window#load: window reported ready (id: 1)
[2022-04-23 20:22:17.409] [main] [info] Starting extension host with pid 35155 (fork() took 7 ms).
[2022-04-23 20:22:17.409] [main] [info] ExtensionHostStarterWorker.start() took 13 ms.
[2022-04-23 20:23:28.667] [main] [info] Starting extension host with pid 47843 (fork() took 8 ms).
[2022-04-23 20:23:28.667] [main] [info] ExtensionHostStarterWorker.start() took 8 ms.
[2022-04-23 20:23:28.672] [main] [info] Extension host with pid 35155 exited with code: 0, signal: null.
[2022-04-23 20:28:42.992] [main] [info] window#load: attempt to load window (id: 3)
[2022-04-23 20:28:43.482] [main] [info] window#load: window reported ready (id: 3)
[2022-04-23 20:28:43.575] [main] [info] Starting extension host with pid 105383 (fork() took 9 ms).
[2022-04-23 20:28:43.576] [main] [info] ExtensionHostStarterWorker.start() took 15 ms.
[2022-04-23 20:28:45.948] [main] [info] Extension host with pid 105383 exited with code: 0, signal: null.
