[2022-04-23 18:47:04.425] [exthost] [info] Extension host with pid 161058 started
[2022-04-23 18:47:04.460] [exthost] [info] ExtensionService#_doActivateExtension vscode.microsoft-authentication, startup: false, activationEvent: 'onAuthenticationRequest:microsoft'
[2022-04-23 18:47:04.470] [exthost] [info] ExtensionService#_doActivateExtension vscode.debug-auto-launch, startup: true, activationEvent: '*'
[2022-04-23 18:47:04.471] [exthost] [info] ExtensionService#_doActivateExtension vscode.git-base, startup: true, activationEvent: '*', root cause: vscode.git
[2022-04-23 18:47:04.472] [exthost] [info] ExtensionService#_doActivateExtension vscode.ipynb, startup: true, activationEvent: '*'
[2022-04-23 18:47:04.473] [exthost] [info] ExtensionService#_doActivateExtension naumovs.color-highlight, startup: true, activationEvent: '*'
[2022-04-23 18:47:04.493] [exthost] [info] ExtensionService#_doActivateExtension vscode.git, startup: true, activationEvent: '*'
[2022-04-23 18:47:04.503] [exthost] [info] ExtensionService#_doActivateExtension vscode.github, startup: true, activationEvent: '*'
[2022-04-23 18:47:04.529] [exthost] [info] Eager extensions activated
[2022-04-23 18:47:04.530] [exthost] [info] ExtensionService#_doActivateExtension vscode.github-authentication, startup: false, activationEvent: 'onAuthenticationRequest:github'
[2022-04-23 18:47:04.545] [exthost] [info] ExtensionService#_doActivateExtension vscode.emmet, startup: false, activationEvent: 'onStartupFinished'
[2022-04-23 18:47:04.548] [exthost] [info] ExtensionService#_doActivateExtension vscode.merge-conflict, startup: false, activationEvent: 'onStartupFinished'
[2022-04-23 18:47:09.090] [exthost] [info] extension host terminating: renderer closed the socket
[2022-04-23 18:47:09.093] [exthost] [info] Extension host with pid 161058 exiting with code 0
[2022-04-23 18:47:09.944] [exthost] [info] Extension host with pid 162067 started
[2022-04-23 18:47:09.944] [exthost] [info] Skipping acquiring lock for /home/deuce/.config/Code/User/workspaceStorage/35b6f611cbe2e1bab3fbb7e7d437b3d7.
[2022-04-23 18:47:10.019] [exthost] [info] ExtensionService#_doActivateExtension vscode.microsoft-authentication, startup: false, activationEvent: 'onAuthenticationRequest:microsoft'
[2022-04-23 18:47:10.028] [exthost] [info] ExtensionService#_doActivateExtension vscode.debug-auto-launch, startup: true, activationEvent: '*'
[2022-04-23 18:47:10.029] [exthost] [info] ExtensionService#_doActivateExtension vscode.git-base, startup: true, activationEvent: '*', root cause: vscode.git
[2022-04-23 18:47:10.030] [exthost] [info] ExtensionService#_doActivateExtension vscode.ipynb, startup: true, activationEvent: '*'
[2022-04-23 18:47:10.031] [exthost] [info] ExtensionService#_doActivateExtension naumovs.color-highlight, startup: true, activationEvent: '*'
[2022-04-23 18:47:10.056] [exthost] [info] ExtensionService#_doActivateExtension vscode.git, startup: true, activationEvent: '*'
[2022-04-23 18:47:10.067] [exthost] [info] ExtensionService#_doActivateExtension vscode.github, startup: true, activationEvent: '*'
[2022-04-23 18:47:10.105] [exthost] [info] Eager extensions activated
[2022-04-23 18:47:10.189] [exthost] [info] ExtensionService#_doActivateExtension vscode.emmet, startup: false, activationEvent: 'onStartupFinished'
[2022-04-23 18:47:10.192] [exthost] [info] ExtensionService#_doActivateExtension vscode.merge-conflict, startup: false, activationEvent: 'onStartupFinished'
[2022-04-23 18:47:10.219] [exthost] [info] ExtensionService#_doActivateExtension vscode.github-authentication, startup: false, activationEvent: 'onAuthenticationRequest:github'
