[2022-04-23 18:35:43.686] [main] [info] window#load: attempt to load window (id: 1)
[2022-04-23 18:35:43.694] [main] [info] update#setState idle
[2022-04-23 18:35:43.710] [main] [info] ExtensionHostStarterWorker created
[2022-04-23 18:35:44.247] [main] [info] window#load: window reported ready (id: 1)
[2022-04-23 18:35:44.313] [main] [info] Starting extension host with pid 22159 (fork() took 6 ms).
[2022-04-23 18:35:44.313] [main] [info] ExtensionHostStarterWorker.start() took 6 ms.
[2022-04-23 18:35:53.744] [main] [info] window#load: attempt to load window (id: 1)
[2022-04-23 18:35:53.751] [main] [info] Extension host with pid 22159 exited with code: 0, signal: null.
[2022-04-23 18:35:54.111] [main] [info] window#load: window reported ready (id: 1)
[2022-04-23 18:35:54.245] [main] [info] Starting extension host with pid 23976 (fork() took 6 ms).
[2022-04-23 18:35:54.245] [main] [info] ExtensionHostStarterWorker.start() took 7 ms.
[2022-04-23 18:36:13.695] [main] [info] update#setState checking for updates
[2022-04-23 18:36:13.778] [main] [info] update#setState idle
[2022-04-23 18:47:03.567] [main] [info] window#load: attempt to load window (id: 3)
[2022-04-23 18:47:04.049] [main] [info] window#load: window reported ready (id: 3)
[2022-04-23 18:47:04.142] [main] [info] Starting extension host with pid 161058 (fork() took 7 ms).
[2022-04-23 18:47:04.142] [main] [info] ExtensionHostStarterWorker.start() took 13 ms.
[2022-04-23 18:47:09.091] [main] [info] window#load: attempt to load window (id: 3)
[2022-04-23 18:47:09.098] [main] [info] Extension host with pid 161058 exited with code: 0, signal: null.
[2022-04-23 18:47:09.489] [main] [info] window#load: window reported ready (id: 3)
[2022-04-23 18:47:09.649] [main] [info] Starting extension host with pid 162067 (fork() took 7 ms).
[2022-04-23 18:47:09.649] [main] [info] ExtensionHostStarterWorker.start() took 8 ms.
