[2022-04-21 17:20:33.192] [main] [info] window#load: attempt to load window (id: 1)
[2022-04-21 17:20:33.198] [main] [info] update#setState idle
[2022-04-21 17:20:33.219] [main] [info] ExtensionHostStarterWorker created
[2022-04-21 17:20:33.788] [main] [info] window#load: window reported ready (id: 1)
[2022-04-21 17:20:33.967] [main] [info] Starting extension host with pid 25067 (fork() took 40 ms).
[2022-04-21 17:20:33.967] [main] [info] ExtensionHostStarterWorker.start() took 42 ms.
[2022-04-21 17:20:41.128] [main] [info] window#load: attempt to load window (id: 1)
[2022-04-21 17:20:41.139] [main] [info] Extension host with pid 25067 exited with code: 0, signal: null.
[2022-04-21 17:20:41.460] [main] [info] window#load: window reported ready (id: 1)
[2022-04-21 17:20:41.618] [main] [info] Starting extension host with pid 25196 (fork() took 8 ms).
[2022-04-21 17:20:41.618] [main] [info] ExtensionHostStarterWorker.start() took 13 ms.
[2022-04-21 17:20:46.899] [main] [info] window#load: attempt to load window (id: 1)
[2022-04-21 17:20:46.912] [main] [info] Extension host with pid 25196 exited with code: 0, signal: null.
[2022-04-21 17:20:47.331] [main] [info] window#load: window reported ready (id: 1)
[2022-04-21 17:20:47.500] [main] [info] Starting extension host with pid 25270 (fork() took 8 ms).
[2022-04-21 17:20:47.500] [main] [info] ExtensionHostStarterWorker.start() took 10 ms.
[2022-04-21 17:20:51.662] [main] [info] window#load: attempt to load window (id: 3)
[2022-04-21 17:20:52.180] [main] [info] window#load: window reported ready (id: 3)
[2022-04-21 17:20:52.341] [main] [info] Starting extension host with pid 25411 (fork() took 11 ms).
[2022-04-21 17:20:52.341] [main] [info] ExtensionHostStarterWorker.start() took 21 ms.
[2022-04-21 17:21:03.199] [main] [info] update#setState checking for updates
[2022-04-21 17:21:03.276] [main] [info] update#setState idle
[2022-04-21 17:21:30.176] [main] [info] window#load: attempt to load window (id: 3)
[2022-04-21 17:21:30.187] [main] [info] Extension host with pid 25411 exited with code: 0, signal: null.
[2022-04-21 17:21:30.643] [main] [info] window#load: window reported ready (id: 3)
[2022-04-21 17:21:30.778] [main] [info] Starting extension host with pid 25634 (fork() took 6 ms).
[2022-04-21 17:21:30.778] [main] [info] ExtensionHostStarterWorker.start() took 8 ms.
[2022-04-21 17:37:27.889] [main] [info] Starting extension host with pid 30391 (fork() took 9 ms).
[2022-04-21 17:37:27.889] [main] [info] ExtensionHostStarterWorker.start() took 9 ms.
[2022-04-21 17:37:27.889] [main] [info] Extension host with pid 25270 exited with code: 0, signal: null.
