[2022-04-23T22:47:10.079Z] Validating found git in: git
[2022-04-23T22:47:10.100Z] Using git 2.36.0 from git
[2022-04-23T22:47:10.110Z] > git rev-parse --git-dir [1ms]
[2022-04-23T22:47:10.113Z] Open repository: /home/deuce/GitHub/Dotfiles
[2022-04-23T22:47:10.141Z] > git symbolic-ref --short HEAD [1ms]
[2022-04-23T22:47:10.143Z] > git for-each-ref --format=%(refname)%00%(upstream:short)%00%(objectname)%00%(upstream:track) refs/heads/main refs/remotes/main [0ms]
[2022-04-23T22:47:10.147Z] > git remote --verbose [0ms]
[2022-04-23T22:47:10.147Z] > git for-each-ref --sort -committerdate --format %(refname) %(objectname) %(*objectname) [2ms]
[2022-04-23T22:47:10.151Z] > git config --get commit.template [1ms]
[2022-04-23T22:47:10.434Z] > git ls-files --stage -- /home/deuce/GitHub/Dotfiles/_setups/4-Virt_Manager_setup.sh [2ms]
[2022-04-23T22:47:10.438Z] > git cat-file -s 270e248a649679b40c26cdbccedd13003733a7da [0ms]
[2022-04-23T22:48:14.904Z] > git symbolic-ref --short HEAD [1ms]
[2022-04-23T22:48:14.907Z] > git for-each-ref --format=%(refname)%00%(upstream:short)%00%(objectname)%00%(upstream:track) refs/heads/main refs/remotes/main [1ms]
[2022-04-23T22:48:14.912Z] > git for-each-ref --sort -committerdate --format %(refname) %(objectname) %(*objectname) [3ms]
[2022-04-23T22:48:14.913Z] > git remote --verbose [1ms]
[2022-04-23T22:48:14.918Z] > git config --get commit.template [1ms]
[2022-04-23T22:51:04.602Z] > git symbolic-ref --short HEAD [0ms]
[2022-04-23T22:51:04.605Z] > git for-each-ref --format=%(refname)%00%(upstream:short)%00%(objectname)%00%(upstream:track) refs/heads/main refs/remotes/main [1ms]
[2022-04-23T22:51:04.610Z] > git for-each-ref --sort -committerdate --format %(refname) %(objectname) %(*objectname) [2ms]
[2022-04-23T22:51:04.610Z] > git remote --verbose [0ms]
[2022-04-23T22:51:04.615Z] > git config --get commit.template [1ms]
[2022-04-23T22:51:41.676Z] > git symbolic-ref --short HEAD [1ms]
[2022-04-23T22:51:41.679Z] > git for-each-ref --format=%(refname)%00%(upstream:short)%00%(objectname)%00%(upstream:track) refs/heads/main refs/remotes/main [1ms]
[2022-04-23T22:51:41.684Z] > git for-each-ref --sort -committerdate --format %(refname) %(objectname) %(*objectname) [2ms]
[2022-04-23T22:51:41.684Z] > git remote --verbose [0ms]
[2022-04-23T22:51:41.688Z] > git config --get commit.template [0ms]
[2022-04-23T22:52:45.907Z] > git symbolic-ref --short HEAD [1ms]
[2022-04-23T22:52:45.910Z] > git for-each-ref --format=%(refname)%00%(upstream:short)%00%(objectname)%00%(upstream:track) refs/heads/main refs/remotes/main [1ms]
[2022-04-23T22:52:45.914Z] > git for-each-ref --sort -committerdate --format %(refname) %(objectname) %(*objectname) [2ms]
[2022-04-23T22:52:45.915Z] > git remote --verbose [1ms]
[2022-04-23T22:52:45.919Z] > git config --get commit.template [1ms]
[2022-04-23T22:54:39.931Z] > git symbolic-ref --short HEAD [1ms]
[2022-04-23T22:54:39.933Z] > git for-each-ref --format=%(refname)%00%(upstream:short)%00%(objectname)%00%(upstream:track) refs/heads/main refs/remotes/main [1ms]
[2022-04-23T22:54:39.936Z] > git for-each-ref --sort -committerdate --format %(refname) %(objectname) %(*objectname) [2ms]
[2022-04-23T22:54:39.936Z] > git remote --verbose [0ms]
[2022-04-23T22:54:39.939Z] > git config --get commit.template [0ms]
[2022-04-23T22:55:18.175Z] > git symbolic-ref --short HEAD [0ms]
[2022-04-23T22:55:18.178Z] > git for-each-ref --format=%(refname)%00%(upstream:short)%00%(objectname)%00%(upstream:track) refs/heads/main refs/remotes/main [1ms]
[2022-04-23T22:55:18.184Z] > git for-each-ref --sort -committerdate --format %(refname) %(objectname) %(*objectname) [3ms]
[2022-04-23T22:55:18.184Z] > git remote --verbose [0ms]
[2022-04-23T22:55:18.188Z] > git config --get commit.template [1ms]
[2022-04-23T22:55:23.209Z] > git symbolic-ref --short HEAD [1ms]
[2022-04-23T22:55:23.212Z] > git for-each-ref --format=%(refname)%00%(upstream:short)%00%(objectname)%00%(upstream:track) refs/heads/main refs/remotes/main [1ms]
[2022-04-23T22:55:23.216Z] > git for-each-ref --sort -committerdate --format %(refname) %(objectname) %(*objectname) [2ms]
[2022-04-23T22:55:23.217Z] > git remote --verbose [1ms]
[2022-04-23T22:55:23.220Z] > git config --get commit.template [0ms]
[2022-04-23T22:55:37.825Z] > git symbolic-ref --short HEAD [0ms]
[2022-04-23T22:55:37.828Z] > git for-each-ref --format=%(refname)%00%(upstream:short)%00%(objectname)%00%(upstream:track) refs/heads/main refs/remotes/main [0ms]
[2022-04-23T22:55:37.834Z] > git remote --verbose [0ms]
[2022-04-23T22:55:37.834Z] > git for-each-ref --sort -committerdate --format %(refname) %(objectname) %(*objectname) [3ms]
[2022-04-23T22:55:37.839Z] > git config --get commit.template [0ms]
